\BOOKMARK [0][-]{chapter*.8}{\376\377\000I\000n\000t\000r\000o\000d\000u\000c\000c\000i\000\363\000n}{}% 1
\BOOKMARK [0][-]{chapter.1}{\376\377\000E\000s\000t\000a\000d\000o\000\040\000d\000e\000l\000\040\000A\000r\000t\000e}{}% 2
\BOOKMARK [1][-]{section.1.1}{\376\377\000T\000e\000l\000e\000d\000e\000r\000m\000a\000t\000o\000l\000o\000g\000\355\000a}{chapter.1}% 3
\BOOKMARK [1][-]{section.1.2}{\376\377\000T\000\351\000c\000n\000i\000c\000a\000s\000\040\000t\000e\000m\000p\000r\000a\000n\000a\000s\000\040\000d\000e\000\040\000c\000l\000a\000s\000i\000f\000i\000c\000a\000c\000i\000\363\000n\000\040\000d\000e\000\040\000i\000m\000\341\000g\000e\000n\000e\000s}{chapter.1}% 4
\BOOKMARK [1][-]{section.1.3}{\376\377\000I\000n\000t\000r\000o\000d\000u\000c\000c\000i\000\363\000n\000\040\000y\000\040\000D\000e\000s\000a\000r\000r\000o\000l\000l\000o\000\040\000d\000e\000\040\000R\000e\000d\000e\000s\000\040\000N\000e\000u\000r\000o\000n\000a\000l\000e\000s}{chapter.1}% 5
\BOOKMARK [2][-]{subsection.1.3.1}{\376\377\000A\000n\000\341\000l\000i\000s\000i\000s\000\040\000d\000e\000\040\000i\000m\000\341\000g\000e\000n\000e\000s\000\040\000m\000\351\000d\000i\000c\000a\000s}{section.1.3}% 6
\BOOKMARK [2][-]{subsection.1.3.2}{\376\377\000C\000l\000a\000s\000i\000f\000i\000c\000a\000c\000i\000\363\000n\000\040\000y\000\040\000r\000e\000c\000o\000n\000o\000c\000i\000m\000i\000e\000n\000t\000o\000\040\000d\000e\000\040\000p\000a\000t\000r\000o\000n\000e\000s\000\040\000e\000n\000\040\000i\000m\000\341\000g\000e\000n\000e\000s\000\040\000m\000\351\000d\000i\000c\000a\000s}{section.1.3}% 7
\BOOKMARK [1][-]{section.1.4}{\376\377\000A\000d\000v\000e\000n\000i\000m\000i\000e\000n\000t\000o\000\040\000d\000e\000\040\000l\000a\000s\000\040\000r\000e\000d\000e\000s\000\040\000n\000e\000u\000r\000o\000n\000a\000l\000e\000s\000\040\000c\000o\000n\000v\000o\000l\000u\000c\000i\000o\000n\000a\000l\000e\000s\000\040\000\050\000C\000N\000N\000\051}{chapter.1}% 8
\BOOKMARK [1][-]{section.1.5}{\376\377\000T\000\351\000c\000n\000i\000c\000a\000s\000\040\000m\000o\000d\000e\000r\000n\000a\000s\000\040\000y\000\040\000a\000v\000a\000n\000c\000e\000s\000\040\000r\000e\000c\000i\000e\000n\000t\000e\000s}{chapter.1}% 9
\BOOKMARK [1][-]{section.1.6}{\376\377\000R\000e\000t\000o\000s\000\040\000y\000\040\000l\000i\000m\000i\000t\000a\000c\000i\000o\000n\000e\000s\000\040\000a\000c\000t\000u\000a\000l\000e\000s}{chapter.1}% 10
\BOOKMARK [2][-]{subsection.1.6.1}{\376\377\000D\000i\000f\000i\000c\000u\000l\000t\000a\000d\000e\000s\000\040\000e\000n\000\040\000l\000a\000\040\000i\000n\000t\000e\000r\000p\000r\000e\000t\000a\000c\000i\000\363\000n\000\040\000d\000e\000\040\000r\000e\000s\000u\000l\000t\000a\000d\000o\000s\000\040\000y\000\040\000l\000a\000\040\000f\000a\000l\000t\000a\000\040\000d\000e\000\040\000e\000x\000p\000l\000i\000c\000a\000b\000i\000l\000i\000d\000a\000d\000\040\000d\000e\000\040\000l\000o\000s\000\040\000m\000o\000d\000e\000l\000o\000s}{section.1.6}% 11
\BOOKMARK [2][-]{subsection.1.6.2}{\376\377\000P\000r\000o\000b\000l\000e\000m\000a\000s\000\040\000r\000e\000l\000a\000c\000i\000o\000n\000a\000d\000o\000s\000\040\000c\000o\000n\000\040\000e\000l\000\040\000s\000o\000b\000r\000e\000a\000j\000u\000s\000t\000e\000\040\000y\000\040\000l\000a\000\040\000g\000e\000n\000e\000r\000a\000l\000i\000z\000a\000c\000i\000\363\000n\000\040\000d\000e\000\040\000l\000o\000s\000\040\000m\000o\000d\000e\000l\000o\000s}{section.1.6}% 12
\BOOKMARK [2][-]{subsection.1.6.3}{\376\377\000L\000i\000m\000i\000t\000a\000c\000i\000o\000n\000e\000s\000\040\000d\000e\000\040\000l\000o\000s\000\040\000m\000\351\000t\000o\000d\000o\000s\000\040\000t\000r\000a\000d\000i\000c\000i\000o\000n\000a\000l\000e\000s\000\040\000d\000e\000\040\000a\000p\000r\000e\000n\000d\000i\000z\000a\000j\000e\000\040\000a\000u\000t\000o\000m\000\341\000t\000i\000c\000o\000\040\000e\000n\000\040\000d\000i\000a\000g\000n\000\363\000s\000t\000i\000c\000o\000\040\000c\000l\000\355\000n\000i\000c\000o}{section.1.6}% 13
\BOOKMARK [2][-]{subsection.1.6.4}{\376\377\000E\000s\000c\000a\000s\000e\000z\000\040\000d\000e\000\040\000d\000a\000t\000o\000s\000\040\000y\000\040\000v\000a\000r\000i\000e\000d\000a\000d\000\040\000l\000i\000m\000i\000t\000a\000d\000a\000\040\000e\000n\000\040\000c\000a\000t\000e\000g\000o\000r\000\355\000a\000s\000\040\000d\000e\000\040\000c\000\341\000n\000c\000e\000r\000\040\000d\000e\000\040\000p\000i\000e\000l}{section.1.6}% 14
\BOOKMARK [1][-]{section.1.7}{\376\377\000C\000o\000n\000c\000l\000u\000s\000i\000\363\000n\000\040\000d\000e\000l\000\040\000e\000s\000t\000a\000d\000o\000\040\000d\000e\000l\000\040\000a\000r\000t\000e}{chapter.1}% 15
\BOOKMARK [0][-]{chapter.2}{\376\377\000P\000r\000o\000p\000u\000e\000s\000t\000a}{}% 16
\BOOKMARK [1][-]{section.2.1}{\376\377\000M\000e\000t\000o\000d\000o\000l\000o\000g\000\355\000a}{chapter.2}% 17
\BOOKMARK [2][-]{subsection.2.1.1}{\376\377\000S\000e\000l\000e\000c\000c\000i\000\363\000n\000\040\000d\000e\000l\000\040\000m\000o\000d\000e\000l\000o\000\040\000y\000\040\000t\000r\000a\000n\000s\000f\000e\000r\000e\000n\000c\000i\000a\000\040\000d\000e\000\040\000a\000p\000r\000e\000n\000d\000i\000z\000a\000j\000e}{section.2.1}% 18
\BOOKMARK [2][-]{subsection.2.1.2}{\376\377\000P\000r\000e\000p\000r\000o\000c\000e\000s\000a\000m\000i\000e\000n\000t\000o\000\040\000d\000e\000\040\000d\000a\000t\000o\000s\000\040\000y\000\040\000b\000a\000l\000a\000n\000c\000e\000o\000\040\000d\000e\000\040\000c\000l\000a\000s\000e\000s}{section.2.1}% 19
\BOOKMARK [2][-]{subsection.2.1.3}{\376\377\000A\000r\000q\000u\000i\000t\000e\000c\000t\000u\000r\000a\000\040\000d\000e\000l\000\040\000M\000o\000d\000e\000l\000o\000\040\000y\000\040\000R\000e\000g\000u\000l\000a\000r\000i\000z\000a\000c\000i\000\363\000n}{section.2.1}% 20
\BOOKMARK [2][-]{subsection.2.1.4}{\376\377\000A\000j\000u\000s\000t\000e\000\040\000d\000i\000n\000\341\000m\000i\000c\000o\000\040\000d\000e\000l\000\040\000l\000e\000a\000r\000n\000i\000n\000g\000\040\000r\000a\000t\000e}{section.2.1}% 21
\BOOKMARK [2][-]{subsection.2.1.5}{\376\377\000D\000i\000v\000e\000r\000s\000i\000d\000a\000d\000\040\000e\000n\000\040\000p\000r\000o\000p\000u\000e\000s\000t\000a\000s\000\040\000d\000e\000\040\000s\000o\000l\000u\000c\000i\000o\000n\000e\000s}{section.2.1}% 22
\BOOKMARK [0][-]{chapter.3}{\376\377\000D\000e\000t\000a\000l\000l\000e\000s\000\040\000d\000e\000\040\000i\000m\000p\000l\000e\000m\000e\000n\000t\000a\000c\000i\000\363\000n\000\040\000y\000\040\000e\000x\000p\000e\000r\000i\000m\000e\000n\000t\000o\000s}{}% 23
\BOOKMARK [1][-]{section.3.1}{\376\377\000D\000a\000t\000a\000s\000e\000t}{chapter.3}% 24
\BOOKMARK [1][-]{section.3.2}{\376\377\000P\000r\000e\000p\000a\000r\000a\000c\000i\000\363\000n\000\040\000y\000\040\000c\000a\000r\000g\000a\000\040\000d\000e\000\040\000d\000a\000t\000o\000s}{chapter.3}% 25
\BOOKMARK [2][-]{subsection.3.2.1}{\376\377\000T\000r\000a\000n\000s\000f\000o\000r\000m\000a\000c\000i\000\363\000n\000\040\000d\000e\000\040\000d\000a\000t\000o\000s}{section.3.2}% 26
\BOOKMARK [2][-]{subsection.3.2.2}{\376\377\000M\000o\000d\000e\000l\000a\000c\000i\000\363\000n\000\040\000y\000\040\000d\000i\000v\000i\000s\000i\000\363\000n\000\040\000d\000e\000l\000\040\000c\000o\000n\000j\000u\000n\000t\000o\000\040\000d\000e\000\040\000d\000a\000t\000o\000s}{section.3.2}% 27
\BOOKMARK [1][-]{section.3.3}{\376\377\000G\000e\000n\000e\000r\000a\000d\000o\000r\000e\000s\000\040\000d\000e\000\040\000d\000a\000t\000o\000s\000\040\000y\000\040\000p\000r\000e\000p\000r\000o\000c\000e\000s\000a\000m\000i\000e\000n\000t\000o}{chapter.3}% 28
\BOOKMARK [2][-]{subsection.3.3.1}{\376\377\000E\000x\000p\000e\000r\000i\000m\000e\000n\000t\000o\000\040\0001}{section.3.3}% 29
\BOOKMARK [2][-]{subsection.3.3.2}{\376\377\000E\000x\000p\000e\000r\000i\000m\000e\000n\000t\000o\000\040\0002}{section.3.3}% 30
\BOOKMARK [2][-]{subsection.3.3.3}{\376\377\000A\000u\000m\000e\000n\000t\000o\000\040\000y\000\040\000d\000i\000v\000i\000s\000i\000\363\000n\000\040\000d\000e\000\040\000d\000a\000t\000o\000s}{section.3.3}% 31
\BOOKMARK [1][-]{section.3.4}{\376\377\000D\000i\000s\000e\000\361\000o\000\040\000y\000\040\000e\000n\000t\000r\000e\000n\000a\000m\000i\000e\000n\000t\000o\000\040\000d\000e\000l\000\040\000m\000o\000d\000e\000l\000o}{chapter.3}% 32
\BOOKMARK [2][-]{subsection.3.4.1}{\376\377\000I\000m\000a\000g\000e\000N\000e\000t}{section.3.4}% 33
\BOOKMARK [2][-]{subsection.3.4.2}{\376\377\000A\000r\000q\000u\000i\000t\000e\000c\000t\000u\000r\000a\000\040\000d\000e\000l\000\040\000m\000o\000d\000e\000l\000o\000\040\000E\000f\000f\000i\000c\000i\000e\000n\000t\000N\000e\000t}{section.3.4}% 34
\BOOKMARK [2][-]{subsection.3.4.3}{\376\377\000E\000f\000f\000i\000c\000i\000e\000n\000t\000N\000e\000t\000B\0001}{section.3.4}% 35
\BOOKMARK [2][-]{subsection.3.4.4}{\376\377\000C\000a\000p\000a\000s\000\040\000a\000d\000i\000c\000i\000o\000n\000a\000l\000e\000s\000\040\000y\000\040\000r\000e\000g\000u\000l\000a\000r\000i\000z\000a\000c\000i\000\363\000n}{section.3.4}% 36
\BOOKMARK [2][-]{subsection.3.4.5}{\376\377\000O\000p\000t\000i\000m\000i\000z\000a\000c\000i\000\363\000n}{section.3.4}% 37
\BOOKMARK [2][-]{subsection.3.4.6}{\376\377\000A\000j\000u\000s\000t\000e\000\040\000d\000i\000n\000\341\000m\000i\000c\000o\000\040\000d\000e\000\040\000l\000a\000\040\000t\000a\000s\000a\000\040\000d\000e\000\040\000a\000p\000r\000e\000n\000d\000i\000z\000a\000j\000e}{section.3.4}% 38
\BOOKMARK [1][-]{section.3.5}{\376\377\000R\000e\000s\000u\000l\000t\000a\000d\000o\000s}{chapter.3}% 39
\BOOKMARK [2][-]{subsection.3.5.1}{\376\377\000E\000s\000t\000a\000d\000\355\000s\000t\000i\000c\000a\000s\000\040\000b\000\341\000s\000i\000c\000a\000s}{section.3.5}% 40
\BOOKMARK [2][-]{subsection.3.5.2}{\376\377\000E\000s\000t\000a\000d\000\355\000s\000t\000i\000c\000a\000s\000\040\000d\000e\000\040\000e\000f\000i\000c\000a\000c\000i\000a}{section.3.5}% 41
\BOOKMARK [2][-]{subsection.3.5.3}{\376\377\000E\000s\000t\000a\000d\000\355\000s\000t\000i\000c\000a\000s\000\040\000d\000e\000\040\000a\000p\000r\000e\000n\000d\000i\000z\000a\000j\000e}{section.3.5}% 42
\BOOKMARK [1][-]{section.3.6}{\376\377\000V\000e\000n\000t\000a\000j\000a\000s\000\040\000y\000\040\000D\000e\000s\000v\000e\000n\000t\000a\000j\000a\000s}{chapter.3}% 43
\BOOKMARK [0][-]{section*.15}{\376\377\000C\000o\000n\000c\000l\000u\000s\000i\000o\000n\000e\000s}{}% 44
\BOOKMARK [0][-]{section*.17}{\376\377\000R\000e\000c\000o\000m\000e\000n\000d\000a\000c\000i\000o\000n\000e\000s}{}% 45
\BOOKMARK [0][-]{chapter*.19}{\376\377\000B\000i\000b\000l\000i\000o\000g\000r\000a\000f\000\355\000a}{}% 46
